[    0.000000] Linux version 4.15.0-39-generic (build@gw01-amd64-054) (gcc version 7.3.0 (Ubuntu 7.3.0-16ubuntu3)) #42-Ubuntu SMP Tue Oct 23 15:48:01 UTC 2018 (Ubuntu 4.15.0-39.42-generic 4.15.18)
[    0.000000] Command line: BOOT_IMAGE=/boot/vmlinuz-4.15.0-39-generic root=LABEL=cloudimg-rootfs ro console=tt console=ttyS0
[   .000000] KERNEL supoted cpus:
[    0.000000]   Intel GenuineIntel
[    0.000000]   AMD AuthenticAMD
[    0.000000]   Centaur CentaurHauls
[    0.000000] x86/fpu: Supporting XSAVE feature 0x001: 'x87 floating point registers'
[    0.000000] x86fpu: Supporting XSAVE feature 0x002: 'SSE registers'
[    0.000000] x86/fpu: Supporting XSAVE feature 0x004: 'AVX registers'
[    0.000000] x86/fpu: xstate_offet2]:  576, xstate_sizes[2]:  256
[    0.000000] x86/fpu: Enabled xstate features 0x7, context size is 832 bytes, using 'standard' format.
[    0.000000] e820: BIOS-prided physical RAM map:
[    0.000000] BIOS-e820: [mem 0x0000000000000000-0x00000000009fbff] usable
[    0.000000] BIOS-e820: [mem 0x000000000009fc00-0x000000000009ffff] reserved
[    0.000000] BIO-e820: [mem 0x00000000000f0000-0x00000000000fffff] reserved
[    0.000000] BIOS-e820: [em0x0000000000100000-0x00000003feffff]usable
[   0.000000] BIOS-e820: [mem 0x000000003fff0000-0x000000003fffffff] ACPI data
[    0.000000] BIOS-e820: [mem 0x00000000fec00000-0x00000000fec00fff] reserved
[    0.000000] BIOS-e820: [mem 0x0000000fee00000-0x00000000fee00fff] resrvd
[    0.000000] BIOS-e820: [mem 0x00000000fffc0000-0x00000000ffffffff] reserved
[    0.000000] NX (Execute Disable) protection: active
[    0.000000] SMBIOS 2.5 present.
[    0.000000] DMI: innotek GmbH VirtualBox/VirtualBox, BIOS VirtualBox 12/01/2006
[    0.000000] Hypervisor detected: KVM
[    0.000000] e820: last_pfn = 0x3fff0 max_arch_pfn = 0x400000000
[    0.000000] MTRR: Disabled
[    0.000000] x86/PAT: MTRRs disabled, skipping PAT initialization too.
[    0.000000] CPU MTRRs all blank - virtualized system.
[    0.000000] x86/PAT: oniguratn [0]: WB  W  UC-   WB W  UC- UC  
[    0.000000] found SMP MP-table at [mem 0x0009fff0-0x0009ffff] mapped at [        (ptrval)]
[    0.000000] Scanning 1 areas forow memory corruption
[    0.000000] RAMDISK: [mem 0x35adf000-0x36d66fff]
[    0.000000] ACPI: Early table checksum verification disabled
[    0.000000] ACPI: RSDP 0x00000000000E0000 000024 (v02 VBOX  )
[    0.000000] ACPI: XSDT 0x000000003FFF003000003C (v01 VBOX   VBOXXSDT 000001 ASL  00000061)
[    0.000000] ACPI: FACP 0x000000003FFF00F0 0000F4 (v04 VBOX   VBOXFACP 00000001 ASL  00000061)
[    0.000000] ACPI: DSDT 0x000000003FFF0470 0021FF (v02 VBOX   VBOXBIOS 00000002 INTL 20180105)
[    0.000000] ACPI: FACS 0x000000003FFF0200 000040
[    0.000000] ACPI: FACS 0x000000003FFF0200 000040
[    0.000000] ACPI: APIC 0x000000003FFF0240 00005C (v02 VBOX   VBOXAPIC 00000001 ASL  00000061)
[    0.000000] ACPI: SSDT 0x000000003FFF02A0 0001CC (v01 VBOX   VBOXCPUT 00000002 INTL 20180105)
[    0.000000] No NUMA configuration found
[    0.000000] Faking a node at [mem 0x0000000000000000-0x000000003ffeffff]
[    0.000000] NODE_DATA(0) allocated [mem 0x3ffc5000-0x3ffeffff]
[    0.000000] kvm-clock: cpu 0, msr 0:3ff44001, primary cpu clock
[    0.000000] kvm-clock: Using msrs 4b564d01 and 4b564d00
[    0.000000] kvm-clock: using sched offset of 3056365378 cycles
[    0.000000] clocksource: kvm-clock: mask: 0xffffffffffffffff max_cycles: 0x1cd42e4dffb, max_idle_ns: 881590591483 ns
[    0.000000] Zone ranges:
[    0.000000]   DMA      [mem 0x0000000000001000-0x0000000000ffffff]
[    0.000000]   DMA32    [mem 0x0000000001000000-0x000000003ffeffff]
[    0.000000]   Normal   empty
[    0.000000]   Device   empty
[    0.000000] Movable zone strt fr ach node
[    0.000000] Early memory node ranges
[    0.000000]   node   0: [mem 0x0000000000001000-0x000000000009efff]
[    0.000000]   node 0: [mem 0x0000000000100000-0x000000003ffeffff]
[    0.000000] Initmem setup node 0 [mem 0x0000000000001000-0x000000003ffefff]
[    0.000000] Reserved but unavaiabe: 98 pages
[    0.000000] ACPI: PM-Timer IO Port: 0x4008
[    0.000000] IOAPIC[0]: apic_id 2, version 32, address 0xfec00000, GSI 0-23
[    0.000000] ACPI: INT_SRC_OVR (bus 0 bus_irq 0 global_irq 2 dfl dfl)
[    0.000000] ACPI: INT_SRC_OVR(bus 0 bus_irq 9 global_irq 9 low level)
[    0.000000] Using ACPI (MADT) for SMP configuraio information
[    0.000000] smpboot Allowing 2 CPUs, 0 hotplug CPUs
[    0.000000] PM: Registered nosave memory: [mem 0x00000000-0x00000fff]
[    0.000000 PM: Registered nosave memory: [mem 0x0009f000-0x0009ffff]
[   0.0000] PM: Registrenosavemeory:[mm 0x000a0000-0x000effff]
[    0.000000] PM: Registered nosave memory: [mem 0x000f0000-0x000fffff]
[    0.000000] e820: [mem 0x40000000-0xfebfffff] available for PCI devices
[    0.000000] Bootingpaavirtualized kernel on KVM
[    0.000000] clocksource: refined-jiffies: mask: 0xffffffff max_cycles: 0xffffffff, max_idle_ns: 7645519600211568 ns
[    0.000000] random: get_random_bytes called from start_kernel+0x99/0x4fd with crng_init=0
[    0.000000] stup_percpu: NR_CPUS:8192 nr_cpumask_bits:2 nr_cpu_ids:2nr_node_ids:1
[    0.000000] percpu: Embedded 46 pages/cpu @        (ptrval) s151552 r8192 d28672 u1048576
[    0.000000] PV qsinlock hash table entries: 256 (order: 0, 4096 bytes)
    0.000000] Built 1 zonelists, mobility grouping on.  Total pages: 257913
[    0.000000] Policy zone: DMA32
[    0.000000] Kernel command line: BOOT_IMAGE=/boot/vmlinuz-4.15.0-39-generic root=LABEL=cloudimg-rootfs ro console=tty1 console=ttyS0
[    0.0000] Memory: 983608K/1048120K available (12300K kernel code, 2472K rwdata, 4248K rodta, 2408K init, 2416K bss, 64512K reserved, 0K cma-reserved)
[    0.000000] SLUB: HWalign=64, Order=0-3, MinObjects=0, CPUs=2, Nodes=1
[    0.000000] Kernel/User page tables isolation: enabled
[    0.000000] ftrace: allocating 39178 entries in 154 pages
[    0.004000] Hierarchical RCU implementation.
[    0.004000] 	RCU restricting CPs from N_CPUS=8192 to nr_cpu_ids=2.
[    0.004000] 	Tasks RCU enabled.
[    0.004000] RCU: Adjusting geometry for rcu_fanout_leaf=16, nr_cpu_ids=2
[    0.004000] NR_IRQS: 524544, nr_irqs: 440, preallocated irqs: 16
[    0.004000] Console: colour VGA+ 80x25
[    0.004000] console [tty1enabled
[    0.004000 cnsole [ttyS0] enabled
[    0.004000] ACPI: Core revision 20170831
[    0.00400] ACPI: 2 ACPI AML tables successfully acquired and loaded
[    0.004000] APIC: Switch to symmetric I/O mode setup
[    0.004233] x2apic enabled
[    0.008008] Switched APIC routing to physical x2apic.
[    0.012840] ..TIMER: vector=0x30 apic1=0 pin1=2 apic2=-1 pin2=-1
[    0.016006] tsc: Detected 3503.926 MHz processor
[    0.020012] Calibrating delay loop (skipped) preset value.. 7007.85 BogoMIPS (lpj=14015704)
[    0.024008] pid_max: default: 32768 minimum: 301
[    0.028049] Security Framework initialized
[    0.032008] Yama: becoming mindful.
[    0.036037] AppArmor: AppArmor initialized
[    0.040457] Dentry cache hash table entries: 131072 (order: 8, 1048576 bytes)
[    0.044087] Inode-cache hash table entries: 65536 (order: 7, 524288 bytes)
[    0.048033] Mount-cache hash table entries: 2048 (order: 2, 16384 bytes)
[    0.052018] Mountpoint-cache hash table entries: 2048 (order: 2, 16384 bytes)
[    0.056234] mce: CPU supports 0 MCE banks
[    0.060028] Last level iTLB entries: 4KB 64, 2MB 8, 4MB 8
[    0.064007] Last level dTLB entries: 4KB 64, 2MB 0, 4MB 0, 1GB 4
[    0.068007] Spectre V2 : Mitigation: Full generic retpoline
[    0.072006] Spectre V2 : Spectre v2 / SpectreRSB mitigation: Filling RSB on context switch
[    0.076005] Speculative Store Bypass: Vulnerable
[    0.080085] Freeing SMP alternatives memory: 36K
[    0.088000] smpboot: CPU0: Intel(R) Core(TM) i7-7567U CPU @ 3.50GHz (family: 0x6, model: 0x8e, stepping: 0x9)
[    0.088107] Performance Events: unsupported p6 CPU model 142 no PMU driver, software events only.
[    0.092059] Hierarchical SRCU implementation.
[    0.096563] NMI watchdog: Perf event create on CPU 0 failed with -2
[    0.100006] NMI watchdog: Perf NMI watchdog permanently disabled
[    0.104084] smp: Bringing up secondary CPUs ...
[    0.108130] x86: Booting SMP configuration:
[    0.112006] .... node  #0, CPUs:      #1
[    0.004000] kvm-clock: cpu 1, msr 0:3ff44041, secondary cpu clock
[    0.004000] mce: CPU supports 0 MCE banks
[    0.254450] smp: Brought up 1 node, 2 CPUs
[    0.256007] smpboot: Max logical packages: 1
[    0.260008] smpboot: Total of 2 processors activated (14015.70 BogoMIPS)
[    0.264153] devtmpfs: initialized
[    0.268061] x86/mm: Memory block size: 128MB
[    0.272142] evm: security.selinux
[    0.276008] evm: security.SMACK64
[    0.280004] evm: security.SMACK64EXEC
[    0.284004] evm: security.SMACK64TRANSMUTE
[    0.288004] evm: security.SMACK64MMAP
[    0.292004] evm: security.apparmor
[    0.296004] evm: security.ima
[    0.300005] evm: security.capability
[    0.304099] clocksource: jiffies: mask: 0xffffffff max_cycles: 0xffffffff, max_idle_ns: 7645041785100000 ns
[    0.308013] futex hash table entries: 512 (order: 3, 32768 bytes)
[    0.312066] pinctrl core: initialized pinctrl subsystem
[    0.316418] RTC time: 15:23:55, date: 11/24/18
[    0.320146] NET: Registered protocol family 16
[    0.324089] audit: initializing netlink subsys (disabled)
[    0.328047] audit: type=2000 audit(1543073010.572:1): state=initialized audit_enabled=0 res=1
[    0.628010] cpuidle: using governor ladder
[    0.632018] cpuidle: using governor menu
[    0.636073] ACPI: bus type PCI registered
[    0.640007] acpiphp: ACPI Hot Plug PCI Controller Driver version: 0.5
[    0.644103] PCI: Using configuration type 1 for base access
[    0.648795] HugeTLB registered 2.00 MiB page size, pre-allocated 0 pages
[    0.652084] ACPI: Added _OSI(Module Device)
[    0.656010] ACPI: Added _OSI(Processor Device)
[    0.660008] ACPI: Added _OSI(3.0 _SCP Extensions)
[    0.664008] ACPI: Added _OSI(Processor Aggregator Device)
[    0.668011] ACPI: Added _OSI(Linux-Dell-Video)
[    0.672010] ACPI: Added _OSI(Linux-Lenovo-NV-HDMI-Audio)
[    0.676265] ACPI: Executed 1 blocks of module-level executable AML code
[    0.682508] ACPI: Interpreter enabled
[    0.684025] ACPI: (supports S0 S5)
[    0.688008] ACPI: Using IOAPIC for interrupt routing
[    0.692263] PCI: Using host bridge windows from ACPI; if necessary, use "pci=nocrs" and report a bug
[    0.696151] ACPI: Enabled 2 GPEs in block 00 to 07
[    0.706531] ACPI: PCI Root Bridge [PCI0] (domain 0000 [bus 00-ff])
[    0.708017] acpi PNP0A03:00: _OSC: OS supports [ASPM ClockPM Segments MSI]
[    0.712059] acpi PNP0A03:00: _OSC: not requesting OS control; OS requires [ExtendedConfig ASPM ClockPM MSI]
[    0.716024] acpi PNP0A03:00: fail to add MMCONFIG information, can't access extended PCI configuration space under this bridge.
[    0.720271] PCI host bridge to bus 0000:00
[    0.724009] pci_bus 0000:00: root bus resource [io  0x0000-0x0cf7 window]
[    0.728010] pci_bus 0000:00: root bus resource [io  0x0d00-0xffff window]
[    0.732012] pci_bus 0000:00: root bus resource [mem 0x000a0000-0x000bffff window]
[    0.736009] pci_bus 0000:00: root bus resource [mem 0x40000000-0xfdffffff window]
[    0.740010] pci_bus 0000:00: root bus resource [bus 00-ff]
[    0.745164] pci 0000:00:01.1: legacy IDE quirk: reg 0x10: [io  0x01f0-0x01f7]
[    0.748008] pci 0000:00:01.1: legacy IDE quirk: reg 0x14: [io  0x03f6]
[    0.752008] pci 0000:00:01.1: legacy IDE quirk: reg 0x18: [io  0x0170-0x0177]
[    0.756010] pci 0000:00:01.1: legacy IDE quirk: reg 0x1c: [io  0x0376]
[    0.768876] pci 0000:00:07.0: quirk: [io  0x4000-0x403f] claimed by PIIX4 ACPI
[    0.772020] pci 0000:00:07.0: quirk: [io  0x4100-0x410f] claimed by PIIX4 SMB
[    0.781258] ACPI: PCI Interrupt Link [LNKA] (IRQs 5 9 10 *11)
[    0.784267] ACPI: PCI Interrupt Link [LNKB] (IRQs 5 9 *10 11)
[    0.788118] ACPI: PCI Interrupt Link [LNKC] (IRQs 5 *9 10 11)
[    0.792166] ACPI: PCI Interrupt Link [LNKD] (IRQs 5 9 10 *11)
[    0.796392] SCSI subsystem initialized
[    0.800115] pci 0000:00:02.0: vgaarb: setting as boot VGA device
[    0.804000] pci 0000:00:02.0: vgaarb: VGA device added: decodes=io+mem,owns=io+mem,locks=none
[    0.804012] pci 0000:00:02.0: vgaarb: bridge control possible
[    0.808008] vgaarb: loaded
[    0.812074] ACPI: bus type USB registered
[    0.816055] usbcore: registered new interface driver usbfs
[    0.820038] usbcore: registered new interface driver hub
[    0.824047] usbcore: registered new device driver usb
[    0.828093] EDAC MC: Ver: 3.0.0
[    0.832212] PCI: Using ACPI for IRQ routing
[    0.836240] NetLabel: Initializing
[    0.840007] NetLabel:  domain hash size = 128
[    0.844006] NetLabel:  protocols = UNLABELED CIPSOv4 CALIPSO
[    0.848039] NetLabel:  unlabeled traffic allowed by default
[    0.852067] clocksource: Switched to clocksource kvm-clock
[    0.975309] VFS: Disk quotas dquot_6.6.0
[    1.132431] VFS: Dquot-cache hash table entries: 512 (order 0, 4096 bytes)
[   3915Aprm: pAmoFisyemnaed
[    1.920934] pnp: PnP ACPI init
[   2.030026] pnp: PnP ACPI: found 3 devices
[    2.216551] clocksource apim:as 0ffffaxycs:xfff m_ie_: 8510 n
[   3.038546] NET: Registered protocol family 2
[    3.238757] TCP estabsh hh blenie 82 rd:  636yt)  3.625] TCP bind hash table entries: 8192 (order: 5, 131072 bytes)
[  4890]CPHa tlecoigedesblhe81 bnd19
[    4.991916] UDP hash table entries: 512 (order: 2, 16384 bytes)
  5.93] P-teastae trs:51(oer2,634 te)  5.969868] NET: Registered protocol family 1
[   2080pc000::00:imindiec P/P tnsrs[  6454]ci0000:00:01.0: Activating ISA DMA hang workarounds
[    7.259329] pci 0000:.0Vio vi wh adedOMatme 00000-000fff]
[    8.038082] Unpacking initramfs...
[    8.397070] Freeing initrd memory:118976K
[    8.638314] platform rtc_cmos: registered platform RTC device (no PNP device found)
[    8.798466] Scanning for low memory corruption every 60 secodd
[    9.018972] Initialise system trusted keyrinss

[    9.14444]]KKey tpp  llccllss  eegistrred
[    9.528711] workingset: timestamp_btts=36 max_order=18bbcceet_order=0
[   99996600]]ttcc  eeiieed TSC clocksource calibration: 3506.283 MH
[    9.909592] zbud:lloaded
[    9.90992]] squashf:: versinn 4.0 (009900//11  hhllii  ooggeer
[   00.348309] fuse init (API version 7.26)
[   10339900]]KKyy type asymmerrccrrggistered
[   10.349001] Asymeerrcckkey parser 'x509' registered
[   10.349028] Block layer SCSI generic((ss))ddiiver version 0.4 loaded (major 246)
[   10.39955]]ii  schedulernnoop registered
[   10.349077  oosscheduler deadline registered
[   1..349092] io scheduler cfq registered (default)
[   12.648858  llccssuucc::ttcc  aask: 0xffffffffffffffff max_cycee::00x328a7fe745b, maxiidle_ns: 400795222641 ns
[   13.197548] ACPI: AC Adapter [AC] (on-line)
[   13.293577] input: Power Button as /devices/LNXSYSTM:00/LNXPWRBN:00/input/input0
[   13.444387] ACPI: Power Button [PWRF]
[   13.528296] input: Sleep Button as /devices/LNXSYSTM:00/LNXSLPBN:00/input/input1
[   13.725395] ACPI: Sleep Button [SLPF]
[   13.812964] virtio-pci 0000:00:03.0: virtio_pci: leaving for legacy driver
[   14.113020] virtio-pci 0000:00:08.0: virtio_pci: leaving for legacy driver
[   14.265520] Serial: 8250/16550 driver, 32 ports, IRQ sharing enabled
[   14.389294] 00:02: ttyS0 at I/O 0x3f8 (irq = 4, base_baud = 115200) is a 16550A
[   14.525270] Linux agpgart interface v0.103
[   14.574118] loop: module loaded
[   14.625939] scsi host0: ata_piix
[   14.698745] scsi host1: ata_piix
[   14.737302] ata1: PATA max UDMA/33 cmd 0x1f0 ctl 0x3f6 bmdma 0xd000 irq 14
[   14.857359] ata2: PATA max UDMA/33 cmd 0x170 ctl 0x376 bmdma 0xd008 irq 15
[   14.968357] libphy: Fixed MDIO Bus: probed
[   15.033247] tun: Universal TUN/TAP device driver, 1.6
[   15.132304] PPP generic driver version 2.4.2
[   15.228224] ehci_hcd: USB 2.0 'Enhanced' Host Controller (EHCI) Driver
[   15.372309] ehci-pci: EHCI PCI platform driver
[   15.464531] ehci-platform: EHCI generic platform driver
[   15.604320] ohci_hcd: USB 1.1 'Open' Host Controller (OHCI) Driver
[   15.889381] ohci-pci: OHCI PCI platform driver
[ 16788]ohci-platform: OHCI generic platform driver
[  1.323 ui_d:SBnirs Ht ntll Iercerir
[   17.059128] i8042: PNP: PS/2 Controller [PNP0303:PS2K,PNP0f03:PSM]t 60x6ir1,
  7.97] ri i42BDor a0x0,64irq 1
[   18.078273] serio: i8042 AUX port at 0x60,0x64 irq 12
[   18.258369] mousedev:PS mseeve mm f a me
[   18.735664] input: AT Translated Set 2 keyboard as /devices/platform/i8042/serio0/input/input2
[   18.932384  ttc_cmssrrccccoos: rtc core: regiseeeed rtc_coo  as rtc0
[   19.33836]]rrcc_coo  ttc_cmo::aaaamm  pptt  nn  aay, 114 bytes nvram
[   99998888]] i2c /de  entriesddiiver
[   20.258332] pcie_mp2_amd: AMD(R) PCI-E MP2 Communication Driver Version: 100

[   00448822]]ddevicemmapper: uevent: version 1.0.3
[   20.738603] device-mapper: icctl  ..7700-ioctl (2017-09-20) initillised  mmddvvel@redhat.com
[   21.337711  eettrig-cpu: registere  ooiindicate activity onCCUU
[   21.858899] NET: Registered prttocol family 10
[   22.022306] SegmettRRouting with IPv6
[   22110822]]NNTT  eeiittered protocol family 17
[   22.388545] Key type dns_resolver registered
[   22.558749] AA::CCrreettbbeeEErrrr  oollccoo  initialized.
[   330008386] sched_clock: Marking stable (23008344269, 0)->(56882087425, -33873743156)
[   23.289248] registered taskstats version 1
[   23.503145] Loading compiled-in X.509 certificates
[   23.701106] Loaded X.509 cert 'Build time autogenerated kernel key: 28c680bedc8638650c29d29ff1fd33ae66a2014d'
[   24.008631] zswap: loaded using pool lzo/zbud
[   24.051499] Key type big_key registered
[   24.138235] Key type rrusted registered
[   24.284720] Key type encryttddrrggsseered
[   24.528389] AppArmor: AppArmor sha1 policy hashing enabled
[   24.728303] ima: No TPM chip found, activating TPM-bypass! (rc=-19)
[   24.788479] ima: Allocated hash algorithm: sha1
[   248828315] evm: HMAC attrs: 0x1
[   24.911398]   Magic uumber: 10:249:387
[   25.118310] rcc_cmosrrcc_cmos: setting system clock to 2018-11-24 15:24:25 UTC (1543073065)
[   25.329269] BIOS DD  aaiiiiyy v0.16 2004-Jun-25, 0 devices found

[   25.671188  DD  nnformation no  available.
[   26.020145] Freeing unused kernel memory: 2408K
[   26.348026] Write protecting the kernel read-only data: 20480k
[   26.788638] Freeing unused kernel memory: 2008K
[   26.880545] Freeing unused kernel memory: 1896K
[   27.065155] x86/mm: Checked W+X mappings: passed, no W+X pages found.
[   27.108979] x86/mm: Checking user space page tables
[   27.402004] x86/mm: Checked W+X mappings: passed, no W+X pages found.
Loading, please wait...
starting version 237
[   27.954225] Fusion MPT base driver 3.04.20
[   28.036052] Copyright (c) 1999-2008 LSI Corporation
[   28.101035] Fusion MPT SPI Host driver 3.04.20
[   28.132003] mptbase: ioc0: Initiating bringup
[   28.146058] virtio_net virtio1 enp0s8: renamed from eth1
[   28.488364] AVX2 version of gcm_enc/dec engaged.
[   28.489207] input: ImExPS/2 Generic Explorer Mouse as /devices/platform/i8042/serio1/input/input4
[   28.916427] AES CTR mode by8 optimization enabled
[   28.981084] virtio_net virtio0 enp0s3: renamed from eth0
[   29.024280] ioc0: LSI53C1030 A0: Capabilities={Initiator}
[   29.402134] scsi host2: ioc0: LSI53C1030 A0, FwRev=00000000h, Ports=1, MaxQ=256, IRQ=20
[   29.725358] scsi 2:0:0:0: Direct-Access     VBOX     HARDDISK         1.0  PQ: 0 ANSI: 5
[   30.204138] scsi target2:0:0: Beginning Domain Validation
[   30.489664] scsi target2:0:0: Domain Validation skipping write tests
[   30.508899] scsi target2:0:0: Ending Domain Validation
[   30.509746] scsi target2:0:0: asynchronous
[   30.758720] scsi 2:0:1:0: Direct-Access     VBOX     HARDDISK         1.0  PQ: 0 ANSI: 5
[   31.416148] scsi target2:0:1: Beginning Domain Validation
[   31.579165] random: fast init done
[   31.839456] scsi target2:0:1: Domain Validation skipping write tests
[   32.238361] scsi target2:0:1: Ending Domain Validation
[   32.648394] scsi target2:0:1: asynchronous
[   32.881035] random: systemd-udevd: uninitialized urandom read (16 bytes read)
[   33.025698] random: systemd-udevd: uninitialized urandom read (16 bytes read)
[   33.025704] sd 2:0:0:0: Attached scsi generic sg0 type 0
[   33.151267] sd 2:0:1:0: Attached scsi generic sg1 type 0
[   33.317362] random: systemd-udevd: uninitialized urandom read (16 bytes read)
[   33.317485] sd 2:0:0:0: [sda] 20971520 512-byte logical blocks: (10.7 GB/10.0 GiB)
[   33.317526] sd 2:0:0:0: [sda] Write Protect is off
[   33.317541] sd 2:0:1:0: [sdb] 20480 512-byte logical blocks: (10.5 MB/10.0 MiB)
[   33.317581] sd 2:0:0:0: [sda] Incomplete mode parameter data
[   33.317582] sd 2:0:0:0: [sda] Assuming drive cache: write through
[   33.317589] sd 2:0:1:0: [sdb] Write Protect is off
[   33.317716] sd 2:0:1:0: [sdb] Incomplete mode parameter data
[   33.317717] sd 2:0:1:0: [sdb] Assuming drive cache: write through
[   33.330347]  sda: sda1
[   33.330860] sd 2:0:0:0: [sda] Attached SCSI disk
[   33.331149] sd 2:0:1:0: [sdb] Attached SCSI disk
[   34.789012] random: systemd-udevd: uninitialized urandom read (16 bytes read)
[   34.880701] random: systemd-udevd: uninitialized urandom read (16 bytes read)
[   35.093742] random: systemd-udevd: uninitialized urandom read (16 bytes read)
Begin: Loading essential drivers[   36.548079] raid6: sse2x1   gen() 13880 MB/s
 ... [   36.988054] raid6: sse2x1   xor()  9612 MB/s
[   37.278021] raid6: sse2x2   gen() 18295 MB/s
[   37.557987] raid6: sse2x2   xor() 11229 MB/s
[   37.924286] raid6: sse2x4   gen() 18730 MB/s
[   38.164061] raid6: sse2x4   xor() 11016 MB/s
[   38.498020] raid6: avx2x1   gen() 30314 MB/s
[   38.734313] raid6: avx2x1   xor() 19211 MB/s
[   38.936481] raid6: avx2x2   gen() 31684 MB/s
[   39.080646] raid6: avx2x2   xor() 13681 MB/s
[   39.164930] raid6: avx2x4   gen() 34264 MB/s
[   39.508011] raid6: avx2x4   xor() 25540 MB/s
[   39.918306] raid6: using algorithm avx2x4 gen() 34264 MB/s
[   40.119863] raid6: .... xor() 25540 MB/s, rmw enabled
[   40.135668] raid6: using avx2x2 recovery algorithm
[   40.189732] xor: automatically using best checksumming function   avx       
[   40.315900] async_tx: api initialized (async)
done.
Begin: Running /scripts/init-p[   40.445587] Btrfs loaded, crc32c=crc32c-intel
remount ... done.
Begin: Mounti[   40.556564] EXT4-fs (sda1): mounted filesystem with ordered data mode. Opts: (null)
ng root file system ... Begin: Running /scripts/local-top ... done.
Begin: Running /scripts/local-premount ... Scanning for Btrfs filesystems
done.
Warning: fsck not present, so skipping root file system
done.
Begin: Running /scripts/local-bottom ... done.
Begin: Running /scripts/init-bottom ... done.
[   40.883896] ip_tables: (C) 2000-2006 Netfilter Core Team
[   41.138617] systemd[1]: systemd 237 running in system mode. (+PAM +AUDIT +SELINUX +IMA +APPARMOR +SMACK +SYSVINIT +UTMP +LIBCRYPTSETUP +GCRYPT +GNUTLS +ACL +XZ +LZ4 +SECCOMP +BLKID +ELFUTILS +KMOD -IDN2 +IDN -PCRE2 default-hierarchy=hybrid)
[   42.564855] systemd[1]: Detected virtualization oracle.
[   42.674398] systemd[1]: Detected architecture x86-64.

Welcome to [1mUbuntu 18.04.1 LTS[0m!

[   42.860531] systemd[1]: Set hostname to <ubuntu>.
[   43.221677] systemd[1]: Initializing machine ID from random generator.
[   43.337660] systemd[1]: Installed transient /etc/machine-id file.
[   43.625027] systemd[1]: Reached target User and Group Name Lookups.
[[0;32m  OK  [0m] Reached target User and Group Name Lookups.
[   43.825603] systemd[1]: Set up automount Arbitrary Executable File Formats File System Automount Point.
[[0;32m  OK  [0m] Set up automount Arbitrary Executab…rmats File System Automount Point.
[   44.297592] systemd[1]: Created slice System Slice.
[[0;32m  OK  [0m] Created slice System Slice.
[   44.928415] systemd[1]: Listening on LVM2 poll daemon socket.
[[0;32m  OK  [0m] Listening on LVM2 poll daemon socket.
[[0;32m  OK  [0m] Listening on udev Kernel Socket.
[[0;32m  OK  [0m] Created slice system-serial\x2dgetty.slice.
[[0;32m  OK  [0m] Listening on udev Control Socket.
[[0;32m  OK  [0m] Reached target System Time Synchronized.
[[0;32m  OK  [0m] Reached target Swap.
[[0;32m  OK  [0m] Listening on Journal Socket (/dev/log).
[[0;32m  OK  [0m] Listening on Journal Socket.
         Mountin[   46.137122] random: crng init done
g POSIX Message [   46.521700] random: 4 urandom warning(s) missed due to ratelimiting
Queue File System...
[   47.276805] systemd[1]: Starting Uncomplicated firewall...
         Starting Uncomplicated firewall...
[   47.508889] systemd[1]: Mounting Huge Pages File System...
         Mounting Huge Pages File System...
[   47.676771] systemd[1]: Mounting Kernel Debug File System...
         Mounting Kernel Debug File System...
[   48.012216] systemd[1]: Started Forward Password Requests to Wall Directory Watch.
[[0;32m  OK  [0m] Started Forward Password Requests to Wall Directory Watch.
[   48.350009] systemd[1]: Listening on Device-mapper event daemon FIFOs.
[[0;32m  OK  [0m] Listening on Device-mapper event daemon FIFOs.
[   48.776807] systemd[1]: Starting udev Coldplug all Devices...
         Starting udev Coldplug all Devices...
[   49.169269] systemd[1]: Listening on Network Service Netlink Socket.
[[0;32m  OK  [0m] Listening on Network Service Netlink Socket.
[   49.698613] systemd[1]: Starting Create list of required static device nodes for the current kernel...
         Starting Create list of required st…ce nodes for the current kernel...
[   50.052912] systemd[1]: Listening on LVM2 metadata daemon socket.
[[0;32m  OK  [0m] Listening on LVM2 metadata daemon socket.
[   50.356900] systemd[1]: Starting Monitoring of LVM2 mirrors, snapshots etc. using dmeventd or progress polling...
         Starting Monitoring of LVM2 mirrors…ng dmeventd or progress polling...
[[0;32m  OK  [0m] Listening on /dev/initctl Compatibility Named Pipe.
[[0;32m  OK  [0m] Created slice User and Session Slice.
[[0;32m  OK  [0m] Reached target Slices.
[[0;32m  OK  [0m] Listening on Syslog Socket.
         Starting Load Ke[   50.726250] Loading iSCSI transport class v2.0-870.
rnel Modules...[   50.845652] iscsi: registered transport (tcp)

         Starting Remount[   50.961141] iscsi: registered transport (iser)
 Root and Kernel[   51.054472] EXT4-fs (sda1): re-mounted. Opts: (null)
 File Systems...
         Starting Set the console keyboard layout...
[[0;32m  OK  [0m] Listening on Journal Audit Socket.
         Starting Journal Service...
[[0;32m  OK  [0m] Started Journal Service.
[[0;32m  OK  [0m] Mounted POSIX Message Queue File System.
[[0;32m  OK  [0m] Started Uncomplicated firewall.
[[0;32m  OK  [0m] Mounted Huge Pages File System.
[[0;32m  OK  [0m] Mounted Kernel Debug File System.
[[0;32m  OK  [0m] Started Create list of required sta…vice nodes for the current kernel.
[[0;32m  OK  [0m] Started Load Kernel Modules.
[[0;32m  OK  [0m] Started Remount Root and Kernel File Systems.
[[0;32m  OK  [0m] Started Set the console keyboard layout.
[[0;32m  OK  [0m] Started udev Coldplug all Devices.
[[0;32m  OK  [0m] Started LVM2 metadata daemon.
         Starting Initial cloud-init job (pre-networking)...
         Starting Load/Save Random Seed...
         Mounting Kernel Configuration File System...
         Starting Apply Kernel Variables...
         Mounting FUSE Control File System...
         Starting Create Static Device Nodes in /dev...
         Starting Flush Journal to Persistent Storage...
[[0;32m  OK  [0m] Started Monitoring of LVM2 mirrors,…sing dmeventd or progress polling.
[[0;32m  OK  [0m] Started Load/Save Random Seed.
[[0;32m  OK  [0m] Mounted Kernel Configuration File System.
[[0;32m  OK  [0m] Started Apply Kernel Variables.
[[0;32m  OK  [0m] Mounted FUSE Control File System.
[[0;32m  OK  [0m] Started Create Static Device Nodes in /dev.
         Starting udev Kernel Device Manager...
[[0;32m  OK  [0m] Reached target Local File Systems (Pre).
[[0;32m  OK  [0m] Reached target Local File Systems.
         Starting ebtables ruleset management...
         Starting Tell Plymouth To Write Out Runtime Data...
         Starting Set console font and keymap...
         Starting Commit a transient machine-id on disk...
         Starting AppArmor initialization...
[[0;32m  OK  [0m] Started udev Kernel Device Manager.
[[0;32m  OK  [0m] Started Tell Plymouth To Write Out Runtime Data.
[[0;32m  OK  [0m] Started Set console font and keymap.
[   52.681466] cloud-init[403]: Cloud-init v. 18.4-0ubuntu1~18.04.1 running 'init-local' at Sat, 24 Nov 2018 15:24:52 +0000. Up 52.19 seconds.
[[0;32m  OK  [0m] Started Commit a transient machine-id on disk.
[[0;32m  OK  [0m] Started Initial cloud-init job (pre-networking).
[[0;32m  OK  [0m] Found device /dev/ttyS0.
[[0;32m  OK  [0m] Started Flush Journal to Persistent Storage.
[[0;32m  OK  [0m] Started ebtables ruleset management.
[[0;32m  OK  [0m] Listening on Load/Save RF Kill Switch Status /dev/rfkill Watch.
         Starting Create Volatile Files and Directories...
[[0;32m  OK  [0m] Reached target Network (Pre).
[[0;32m  OK  [0m] Started Dispatch Password Requests to Console Directory Watch.
[[0;32m  OK  [0m] Reached target Local Encrypted Volumes.
         Starting Network Service...
[[0;32m  OK  [0m] Started Network Service.
[[0;32m  OK  [0m] Started AppArmor initialization.
[[0;32m  OK  [0m] Started Create Volatile Files and Directories.
         Starting Update UTMP about System Boot/Shutdown...
         Starting Wait for Network to be Configured...
         Starting Network Name Resolution...
[[0;32m  OK  [0m] Started Update UTMP about System Boot/Shutdown.
[[0;32m  OK  [0m] Started Network Name Resolution.
[[0;32m  OK  [0m] Reached target Network.
[[0;32m  OK  [0m] Reached target Host and Network Name Lookups.
[[0;32m  OK  [0m] Started Wait for Network to be Configured.
         Starting Initial cloud-init job (metadata service crawler)...
[   56.434673] cloud-init[728]: Cloud-init v. 18.4-0ubuntu1~18.04.1 running 'init' at Sat, 24 Nov 2018 15:24:56 +0000. Up 56.27 seconds.
[   56.576256] cloud-init[728]: ci-info: ++++++++++++++++++++++++++++++++++++++Net device info+++++++++++++++++++++++++++++++++++++++
[   56.664244] cloud-init[728]: ci-info: +--------+-------+----------------------------+---------------+--------+-------------------+
[   56.760177] cloud-init[728]: ci-info: | Device |   Up  |          Address           |      Mask     | Scope  |     Hw-Address    |
[   56.896259] cloud-init[728]: ci-info: +--------+-------+----------------------------+---------------+--------+-------------------+
[[   57.024361] cloud-init[728]: ci-info: | enp0s3 |  True |         10.0.2.15          | 255.255.255.0 | global | 02:ad:f7:32:92:86 |
[   57.024444] cloud-init[728]: ci-info: | enp0s3 |  True | fe80::ad:f7ff:fe32:9286/64 |       .       |  link  | 02:ad:f7:32:92:86 |
[   57.024894] cloud-init[728]: ci-info: | enp0s8 | False |             .              |       .       |   .    | 08:00:27:10:ad:cc |
[   57.025306] cloud-init[728]: ci-info: |   lo   |  True |         127.0.0.1          |   255.0.0.0   |  host  |         .         |
[   57.025736] cloud-init[728]: ci-info: |   lo   |  True |          ::1/128           |       .       |  host  |         .         |
[   57.026408] cloud-init[728]: ci-info: +--------+-------+----------------------------+---------------+--------+-------------------+
[   57.026813] cloud-init[728]: ci-info: ++++++++++++++++++++++++++++Route IPv4 info+++++++++++++++++++++++++++++
[   57.027536] cloud-init[728]: ci-info: +-------+-------------+----------+-----------------+-----------+-------+
[   57.027957] cloud-init[728]: ci-info: | Route | Destination | Gateway  |     Genmask     | Interface | Flags |
[   57.028857] cloud-init[728]: ci-info: +-------+-------------+----------+-----------------+-----------+-------+
[   57.029660] cloud-init[728]: ci-info: |   0   |   0.0.0.0   | 10.0.2.2 |     0.0.0.0     |   enp0s3  |   UG  |
[   57.030300] cloud-init[728]: ci-info: |   1   |   10.0.2.0  | 0.0.0.0  |  255.255.255.0  |   enp0s3  |   U   |
[   57.030703] cloud-init[728]: ci-info: |   2   |   10.0.2.2  | 0.0.0.0  | 255.255.255.255 |   enp0s3  |   UH  |
[   57.031131] cloud-init[728]: ci-info: +-------+-------------+----------+-----------------+-----------+-------+
[0;32m  OK  [0m] Started Initial cloud-init job (metadata service crawler).
[   57.031402] cloud-init[728]: ci-info: +++++++++++++++++++Route IPv6 info+++++++++++++++++++
[[0;32m  OK  [0m[   58.052314] ] cloud-initReached target Network is Online.[728]: 
ci-info: +-------+-------------+---------+-----------+-------+
         [   58.145336] Starting Availability of block devices...cloud-init
[728]: ci-info: | Route | Destination | Gateway | Interface | Flags |
[   58.232179] cloud-init[728]: ci-info: +-------+-------------+---------+-----------+-------+
[[0;32m  OK  [0m] Reached target Remote File Systems (Pre).
[[   58.296536] cloud-init[728]: ci-info: |   1   |  fe80::/64  |    ::   |   enp0s3  |   U   |
[0;32m  OK  [0m] Reached target Remote File Systems.
[   58.328508] cloud-init[728]: ci-info: |   3   |    local    |    ::   |   enp0s3  |   U   |
[[0;32m  OK  [0m] Reached target Cloud-config availability.
[   58.411682] cloud-init[728]: ci-info: |   4   |   ff00::/8  |    ::   |   enp0s3  |   U   |
[[0;32m  OK  [0m] Reached target System Initialization.
[   58.524456] cloud-init[728]: ci-info: +-------+-------------+---------+-----------+-------+
[[   58.664165] cloud-init[728]: Generating public/private rsa key pair.
[0;32m  OK  [0m] Listening on UUID daemon activation socket.
[   58.664366] cloud-init[728]: Your identification has been saved in /etc/ssh/ssh_host_rsa_key.
[[   58.831442] cloud-init[728]: Your public key has been saved in /etc/ssh/ssh_host_rsa_key.pub.
[0;32m  OK  [0m] Listening on D-Bus System Message Bus Socket.
[   58.831624] cloud-init[728]: The key fingerprint is:
[[0;32m  OK  [0m[   58.944263] ] cloud-initListening on Open-iSCSI iscsid Socket.[728]: 
SHA256:jB5c3R86CwgZLNa/4Uxu5k416UW/zBJ+GSATOFstJvQ root@ubuntu-bionic
[[0;32m  OK  [0m[   59.028211] ] cloud-initStarted Daily apt download activities.[728]: 
The key's randomart image is:
         Starting LXD - unix socket.
[   59.088244] cloud-init[728]: +---[RSA 2048]----+
[[0;32m  OK  [0m[   59.131466] ] cloud-initListening on ACPID Listen Socket.
[728]: |     o......     |
[[   59.184192] cloud-init[728]: |    o oo+o+o.    |
[0;32m  OK  [0m] Started Daily Cleanup of Temporary Directories.
[   59.184503] cloud-init[728]: |   . .o..*E.+ .  |
[[0;32m  OK  [0m[   59.260240] ] cloud-initStarted Daily apt upgrade and clean activities.[728]: 
|     . ==. = = . |
[   59.260421] cloud-init[728]: |      +=So= = +  |
[[0;32m  OK  [0m] Started Message of the Day.[   59.348258] 
cloud-init[728]: |     . .Bo = * + |
[[0;32m  OK  [0m[   59.396206] ] cloud-initStarted Discard unused blocks once a week.[728]: |      .+. . + *  |

[   59.396363] cloud-init[728]: |       ..    o   |
[[0;32m  OK  [0m] Reached target Timers.
[   59.460422] cloud-init[728]: |       ..        |
[   59.578219] cloud-init[728]: +----[SHA256]-----+
         [   59.612228] Starting Socket activation for snappy daemon.cloud-init
[728]: Generating public/private dsa key pair.
[[0;32m  OK  [0m[   59.688256] ] cloud-initStarted ACPI Events Check.[728]: 
Your identification has been saved in /etc/ssh/ssh_host_dsa_key.
[[0;32m  OK  [0m[   59.761391] ] cloud-initReached target Paths.[728]: 
Your public key has been saved in /etc/ssh/ssh_host_dsa_key.pub.
[[   59.844230] cloud-init[728]: The key fingerprint is:
[   59.844310] cloud-init[728]: SHA256:e/gX996dlzEz03q//NuO8dRL/XPcoqIZlGw9yjZ+pdU root@ubuntu-bionic
[0;32m  OK  [0m] Started Availability of block devices.
[   59.844402] cloud-init[728]: The key's randomart image is:
[[   60.012165] cloud-init[728]: +---[DSA 1024]----+
[0;32m  OK  [0m] Listening on LXD - unix socket.
[   60.012432] cloud-init[728]: |                 |
[[0;32m  OK  [0m] [   60.124317] Listening on Socket activation for snappy daemon.cloud-init
[728]: |                 |
[[0;32m  OK  [0m] Reached target Sockets.
[[0;32m  OK  [0m] Reached target Basic System.
[   60.212576] cloud-init[728]: |                 |
         Starting Accounts Service...
[   60.330427] cloud-init[728]: |       . o       |
         Starting Permit User Sessions...
[   60.390458] cloud-init[728]: |        S o  .  .|
         Starting Pollinate to seed the pseudo random number generator...
[   60.493196] cloud-init[728]: |       + + .+ E*+|
[[0;32m  OK  [0m] Started Unattended Upgrades Shutdown.
[   60.560473] cloud-init[728]: |        O .+ o.=%|
         [   60.684192] Starting LSB: automatic crash report generation...cloud-init
[728]: |       o *+ . =B#|
         [   60.780244] Starting Virtualbox guest utils...cloud-init
[728]: |        +o.o...@^|
[[   60.860272] cloud-init[728]: +----[SHA256]-----+
[   60.860364] cloud-init[728]: Generating public/private ecdsa key pair.
[0;32m  OK  [0m] Started Regular background program processing daemon.
[[0;32m  OK  [0m] Started D-Bus System Message Bus.
[   60.860462] cloud-init[728]: Your identification has been saved in /etc/ssh/ssh_host_ecdsa_key.
         [   61.116310] Starting LSB: Record successful boot for GRUB...cloud-init
[728]: Your public key has been saved in /etc/ssh/ssh_host_ecdsa_key.pub.
         Starting System Logging Service...
[   61.176293] cloud-init[728]: The key fingerprint is:
[[   61.280179] cloud-init[728]: SHA256:APOJGh2L+gVJPxQ/J0Tskr+Dg92XLuyOtGjjjIHaxao root@ubuntu-bionic
[   61.280327] cloud-init[728]: The key's randomart image is:
[0;32m  OK  [0m] Started Deferred execution scheduler.
[   61.280380] cloud-init[728]: +---[ECDSA 256]---+
[   61.460209] cloud-init[728]: |  . *+o          |
         Starting Dispatcher daemon for systemd-networkd...
[   61.460440] cloud-init[728]: | . * X..         |
         [   61.616968] Starting Login Service...cloud-init[728]: 
|  = *oB .        |
[[   61.696377] cloud-init[728]: | . +o..=         |
[0;32m  OK  [0m] Started irqbalance daemon.
[   61.696571] cloud-init[728]: |. . .o  S        |
[[   61.780216] cloud-init[728]: |.. o  .          |
[   61.780293] cloud-init[728]: |o .o++ . .       |
[0;32m  OK  [0m] Started FUSE filesystem for LXC.
[   61.780437] cloud-init[728]: |.=+=+o* o        |
         Starting Snappy daemon...
[   61.948183] cloud-init[728]: |E+*.o+o=.        |
[   61.948306] cloud-init[728]: +----[SHA256]-----+
         [   62.056210] Starting LXD - container startup/shutdown...cloud-init
[728]: Generating public/private ed25519 key pair.
[[   62.140219] cloud-init[728]: Your identification has been saved in /etc/ssh/ssh_host_ed25519_key.
[   62.140326] cloud-init[728]: Your public key has been saved in /etc/ssh/ssh_host_ed25519_key.pub.
[0;32m  OK  [0m] Started System Logging Service.
[   62.140388] cloud-init[728]: The key fingerprint is:
[[0;32m  OK  [0m] Started Dispatcher daemon for systemd-networkd.
[   62.328704] cloud-init[728]: SHA256:169u0wSLk8otzNBmu1m4bk+qFldjKSau8UVipJkFcto root@ubuntu-bionic
[[   62.452197] cloud-init[728]: The key's randomart image is:
[   62.452385] cloud-init[728]: +--[ED25519 256]--+
[0;32m  OK  [0m] Started Snappy daemon.
[   62.452464] cloud-init[728]: |  . o.           |
[[0;32m  OK  [0m[   62.619520] ] cloud-initStarted Permit User Sessions.[728]: 
|   =  o          |
[[   62.708227] cloud-init[728]: |  . E*     .     |
[   62.708341] cloud-init[728]: |    + + + =..    |
[0;32m  OK  [0m] Started Pollinate to seed the pseudo random number generator.
[   62.708416] cloud-init[728]: |     o *S+.+.o   |
[[   62.900332] cloud-init[728]: |    . + *o+ ...  |
[   62.900417] cloud-init[728]: |     + @.+o. o.  |
[0;32m  OK  [0m] Started LXD - container startup/shutdown.
[   62.900496] cloud-init[728]: |    . o O*. o..  |
[[   63.060541] cloud-init[728]: |     ..+*+.oo.   |
[   63.060638] cloud-init[728]: +----[SHA256]-----+
[0;32m  OK  [0m] Started Login Service.
[[0;32m  OK  [0m] Started LSB: automatic crash report generation.
[[0;32m  OK  [0m] Started Virtualbox guest utils.
[[0;32m  OK  [0m] Started LSB: Record successful boot for GRUB.
         Starting Authorization Manager...
         Starting OpenBSD Secure Shell server...
         Starting Terminate Plymouth Boot Screen...
         Starting Hold until boot process finishes up...
         Starting Wait until snapd is fully seeded...
[[0;32m  OK  [0m] Started Terminate Plymouth Boot Screen.
[[0;32m  OK  [0m] Started OpenBSD Secure Shell server.
[[0;32m  OK  [0m] Started Hold until boot process finishes up.
[[0;32m  OK  [0m] Started Authorization Manager.
[[0;32m  OK  [0m] Started Accounts Service.
[[0;32m  OK  [0m] Created slice User Slice of vagrant.
[[0;32m  OK  [0m] Started Serial Getty on ttyS0.
         Starting Set console scheme...
[[0;32m  OK  [0m] Started Set console scheme.
         Starting User Manager for UID 1000...
[[0;32m  OK  [0m] Created slice system-getty.slice.
[[0;32m  OK  [0m] Started Getty on tty1.
[[0;32m  OK  [0m] Reached target Login Prompts.
[[0;32m  OK  [0m] Started User Manager for UID 1000.
[[0;32m  OK  [0m] Started Session 1 of user vagrant.
[[0;32m  OK  [0m] Started Wait until snapd is fully seeded.
[[0;32m  OK  [0m] Reached target Multi-User System.
[[0;32m  OK  [0m] Reached target Graphical Interface.
         Starting Update UTMP about System Runlevel Changes...
         Starting Apply the settings specified in cloud-config...
[[0;32m  OK  [0m] Started Update UTMP about System Runlevel Changes.
[   66.320515] cloud-init[1500]: Cloud-init v. 18.4-0ubuntu1~18.04.1 running 'modules:config' at Sat, 24 Nov 2018 15:25:06 +0000. Up 66.03 seconds.
[[0;32m  OK  [0m] Started Apply the settings specified in cloud-config.
         Starting Execute cloud user/final scripts...
ci-info: no authorized ssh keys fingerprints found for user ubuntu.
<14>Nov 24 15:25:07 ec2: 
<14>Nov 24 15:25:07 ec2: #############################################################
<14>Nov 24 15:25:07 ec2: -----BEGIN SSH HOST KEY FINGERPRINTS-----
<14>Nov 24 15:25:07 ec2: 1024 SHA256:e/gX996dlzEz03q//NuO8dRL/XPcoqIZlGw9yjZ+pdU root@ubuntu-bionic (DSA)
<14>Nov 24 15:25:07 ec2: 256 SHA256:APOJGh2L+gVJPxQ/J0Tskr+Dg92XLuyOtGjjjIHaxao root@ubuntu-bionic (ECDSA)
<14>Nov 24 15:25:07 ec2: 256 SHA256:169u0wSLk8otzNBmu1m4bk+qFldjKSau8UVipJkFcto root@ubuntu-bionic (ED25519)
<14>Nov 24 15:25:07 ec2: 2048 SHA256:jB5c3R86CwgZLNa/4Uxu5k416UW/zBJ+GSATOFstJvQ root@ubuntu-bionic (RSA)
<14>Nov 24 15:25:07 ec2: -----END SSH HOST KEY FINGERPRINTS-----
<14>Nov 24 15:25:07 ec2: #############################################################
-----BEGIN SSH HOST KEY KEYS-----
ecdsa-sha2-nistp256 AAAAE2VjZHNhLXNoYTItbmlzdHAyNTYAAAAIbmlzdHAyNTYAAABBBFVsx/xC6pC+0R0/LUPmSvOXBpehKsJ8GxanES+Kd5gYsTuq8Btt63TvVz4zJMcp6BMc+4OG6i+LwqVK5c4mFAs= root@ubuntu-bionic
ssh-ed25519 AAAAC3NzaC1lZDI1NTE5AAAAIKfsKKND6rUalusqirbAB1QAXeMbur9uC7mFACNoz88f root@ubuntu-bionic
ssh-rsa AAAAB3NzaC1yc2EAAAADAQABAAABAQDBFZAIPUF/P/112RhkLR4PZvfkqGBMBbr8ePAAeJWnDQamzl38tdE7ncYVRWCTCvMXuZlr608aUn6Shd3lDydtj1pMkF2IJDh/KSlOrU58qdFc0sG7W5d7YuvhKbBmgOxU6jpCW5XmEs0Do8+QaAg8W0b6Rd9aq4KlCtgbAhBFTt67aOCNJfM5UB2djqgzbDNSHES/Fez0+oDidc8NWSo4Ud1pB+8HFKBnVtSrYoTiVkqlkOvjRNwpzHO2mmPS2fUdyB4gLs+uHHb7WXBUtwhxtnxDUkFgmzQJRQTK+aJXb460wFLqhatOGzuF0Zy4v6HAmRsCYY5JWUH5SJIfqSAb root@ubuntu-bionic
-----END SSH HOST KEY KEYS-----
[   67.628449] cloud-init[1574]: Cloud-init v. 18.4-0ubuntu1~18.04.1 running 'modules:final' at Sat, 24 Nov 2018 15:25:07 +0000. Up 66.81 seconds.
[   67.713486] cloud-init[1574]: ci-info: no authorized ssh keys fingerprints found for user ubuntu.
[[0;32m  OK  [0m] Started Execute cloud user/final scripts.
[   67.758362] cloud-init[1574]: Cloud-init v. 18.4-0ubuntu1~18.04.1 finished at Sat, 24 Nov 2018 15:25:07 +0000. Datasource DataSourceNoCloud [seed=/dev/sdb][dsmode=net].  Up 67.61 seconds
[[0;32m  OK  [0m] Reached target Cloud-init target.

Ubuntu 18.04.1 LTS ubuntu-bionic ttyS0

ubuntu-bionic login: 